<?xml version="1.0" encoding="UTF-8"?>
<!-- Generated by org.testng.reporters.JUnitReportReporter -->
<testsuite hostname="MDLIN401" name="Package1.class1" tests="1" failures="0" timestamp="15 Oct 2015 13:49:29 GMT" time="23.361" errors="0">
  <testcase name="driverDFTest" time="23.361" classname="Package1.class1"/>
</testsuite> <!-- Package1.class1 -->
